#
# There is insufficient memory for the Java Runtime Environment to continue.
# Native memory allocation (malloc) failed to allocate 112197632 bytes for committing reserved memory.
# Possible reasons:
#   The system is out of physical RAM or swap space
#   In 32 bit mode, the process size limit was hit
# Possible solutions:
#   Reduce memory load on the system
#   Increase physical memory or swap space
#   Check if swap backing store is full
#   Use 64 bit Java on a 64 bit OS
#   Decrease Java heap size (-Xmx/-Xms)
#   Decrease number of Java threads
#   Decrease Java thread stack sizes (-Xss)
#   Set larger code cache with -XX:ReservedCodeCacheSize=
# This output file may be truncated or incomplete.
#
#  Out of Memory Error (os_linux.cpp:2809), pid=19575, tid=140551090120448
#
# JRE version: OpenJDK Runtime Environment (7.0_79-b14) (build 1.7.0_79-b14)
# Java VM: OpenJDK 64-Bit Server VM (24.79-b02 mixed mode linux-amd64 compressed oops)
# Derivative: IcedTea 2.5.6
# Distribution: Ubuntu 14.04 LTS, package 7u79-2.5.6-0ubuntu1.14.04.1
# Failed to write core dump. Core dumps have been disabled. To enable core dumping, try "ulimit -c unlimited" before starting Java again
#

---------------  T H R E A D  ---------------

Current thread (0x00007fd4a013c800):  VMThread [stack: 0x00007fd499bca000,0x00007fd499ccb000] [id=19581]

Stack: [0x00007fd499bca000,0x00007fd499ccb000],  sp=0x00007fd499cc9490,  free space=1021k
Native frames: (J=compiled Java code, j=interpreted, Vv=VM code, C=native code)
V  [libjvm.so+0x94afd5]  VMError::report_and_die()+0x175
V  [libjvm.so+0x48b9f4]  report_vm_out_of_memory(char const*, int, unsigned long, char const*)+0x74
V  [libjvm.so+0x7c809b]  os::pd_commit_memory(char*, unsigned long, unsigned long, bool)+0xeb
V  [libjvm.so+0x7c2b3f]  os::commit_memory(char*, unsigned long, unsigned long, bool)+0x1f
V  [libjvm.so+0x83503b]  PSVirtualSpace::expand_by(unsigned long)+0x5b
V  [libjvm.so+0x835e90]  PSYoungGen::resize_generation(unsigned long, unsigned long)+0xb0
V  [libjvm.so+0x83657b]  PSYoungGen::resize(unsigned long, unsigned long)+0x1b
V  [libjvm.so+0x832860]  PSScavenge::invoke_no_policy()+0xde0
V  [libjvm.so+0x833038]  PSScavenge::invoke()+0x38
V  [libjvm.so+0x7e9723]  ParallelScavengeHeap::failed_mem_allocate(unsigned long)+0x63
V  [libjvm.so+0x94c9d4]  VM_ParallelGCFailedAllocation::doit()+0x84
V  [libjvm.so+0x950ed7]  VM_Operation::evaluate()+0x47
V  [libjvm.so+0x94f848]  VMThread::evaluate_operation(VM_Operation*)+0x318
V  [libjvm.so+0x94fca9]  VMThread::loop()+0x219
V  [libjvm.so+0x9500f2]  VMThread::run()+0x72
V  [libjvm.so+0x7c4f62]  java_start(Thread*)+0xf2

VM_Operation (0x00007fd47b0602b0): ParallelGCFailedAllocation, mode: safepoint, requested by thread 0x00007fd4a0254800


---------------  P R O C E S S  ---------------

Java Threads: ( => current thread )
  0x00007fd4a01ba000 JavaThread "pool-1-thread-4" [_thread_blocked, id=19882, stack(0x00007fd47ae60000,0x00007fd47af61000)]
  0x00007fd4a0254800 JavaThread "pool-1-thread-3" [_thread_blocked, id=19881, stack(0x00007fd47af61000,0x00007fd47b062000)]
  0x00007fd4a0253000 JavaThread "pool-1-thread-2" [_thread_blocked, id=19880, stack(0x00007fd47b062000,0x00007fd47b163000)]
  0x00007fd4a0256800 JavaThread "pool-1-thread-1" [_thread_blocked, id=19879, stack(0x00007fd47b163000,0x00007fd47b264000)]
  0x00007fd4a0177000 JavaThread "Service Thread" daemon [_thread_blocked, id=19587, stack(0x00007fd498ee2000,0x00007fd498fe3000)]
  0x00007fd4a0175000 JavaThread "C2 CompilerThread1" daemon [_thread_blocked, id=19586, stack(0x00007fd498fe3000,0x00007fd4990e4000)]
  0x00007fd4a0172000 JavaThread "C2 CompilerThread0" daemon [_thread_blocked, id=19585, stack(0x00007fd4990e4000,0x00007fd4991e5000)]
  0x00007fd4a0170000 JavaThread "Signal Dispatcher" daemon [_thread_blocked, id=19584, stack(0x00007fd4991e5000,0x00007fd4992e6000)]
  0x00007fd4a0143000 JavaThread "Finalizer" daemon [_thread_blocked, id=19583, stack(0x00007fd4999c8000,0x00007fd499ac9000)]
  0x00007fd4a0141000 JavaThread "Reference Handler" daemon [_thread_blocked, id=19582, stack(0x00007fd499ac9000,0x00007fd499bca000)]
  0x00007fd4a000a000 JavaThread "main" [_thread_blocked, id=19576, stack(0x00007fd4a6c8e000,0x00007fd4a6d8f000)]

Other Threads:
=>0x00007fd4a013c800 VMThread [stack: 0x00007fd499bca000,0x00007fd499ccb000] [id=19581]
  0x00007fd4a0181800 WatcherThread [stack: 0x00007fd498de1000,0x00007fd498ee2000] [id=19588]

VM state:at safepoint (normal execution)

VM Mutex/Monitor currently owned by a thread:  ([mutex/lock_event])
[0x00007fd4a0006690] Threads_lock - owner thread: 0x00007fd4a013c800
[0x00007fd4a0006b90] Heap_lock - owner thread: 0x00007fd4a0254800

Heap
 PSYoungGen      total 765952K, used 13298K [0x00000007acc00000, 0x00000007dc600000, 0x0000000800000000)
  eden space 752640K, 0% used [0x00000007acc00000,0x00000007acc00000,0x00000007dab00000)
  from space 13312K, 99% used [0x00000007dac00000,0x00000007db8fc9d0,0x00000007db900000)
  to   space 9216K, 0% used [0x00000007dbd00000,0x00000007dbd00000,0x00000007dc600000)
 ParOldGen       total 269824K, used 217707K [0x0000000706400000, 0x0000000716b80000, 0x00000007acc00000)
  object space 269824K, 80% used [0x0000000706400000,0x000000071389ac58,0x0000000716b80000)
 PSPermGen       total 21504K, used 5917K [0x00000006fbe00000, 0x00000006fd300000, 0x0000000706400000)
  object space 21504K, 27% used [0x00000006fbe00000,0x00000006fc3c77f8,0x00000006fd300000)

Card table byte_map: [0x00007fd49bfa3000,0x00007fd49c7c5000] byte_map_base: 0x00007fd4987c4000

Polling page: 0x00007fd4a6dae000

Code Cache  [0x00007fd49c7c5000, 0x00007fd49ca35000, 0x00007fd49f7c5000)
 total_blobs=635 nmethods=384 adapters=204 free_code_cache=47871Kb largest_free_block=48986688

Compilation events (10 events):
Event: 480.357 Thread 0x00007fd4a0175000  412             java.lang.StrictMath::floorOrCeil (128 bytes)
Event: 480.359 Thread 0x00007fd4a0175000 nmethod 412 0x00007fd49c9062d0 code [0x00007fd49c906420, 0x00007fd49c9064d8]
Event: 480.359 Thread 0x00007fd4a0172000  411             java.lang.StrictMath::floor (12 bytes)
Event: 480.360 Thread 0x00007fd4a0172000 nmethod 411 0x00007fd49c906010 code [0x00007fd49c906180, 0x00007fd49c906258]
Event: 482.828 Thread 0x00007fd4a0175000  413             java.util.Arrays::sort (20 bytes)
Event: 482.829 Thread 0x00007fd4a0175000 nmethod 413 0x00007fd49c876ed0 code [0x00007fd49c877020, 0x00007fd49c8770a8]
Event: 483.338 Thread 0x00007fd4a0175000  415             java.lang.Math::floor (5 bytes)
Event: 483.338 Thread 0x00007fd4a0172000  414             java.lang.Math::round (19 bytes)
Event: 483.345 Thread 0x00007fd4a0175000 nmethod 415 0x00007fd49c905d50 code [0x00007fd49c905ec0, 0x00007fd49c905f98]
Event: 483.345 Thread 0x00007fd4a0172000 nmethod 414 0x00007fd49c876bd0 code [0x00007fd49c876d60, 0x00007fd49c876e78]

GC Heap History (10 events):
Event: 458.576 GC heap after
Heap after GC invocations=167 (full 1):
 PSYoungGen      total 593408K, used 7104K [0x00000007acc00000, 0x00000007d5c00000, 0x0000000800000000)
  eden space 586240K, 0% used [0x00000007acc00000,0x00000007acc00000,0x00000007d0880000)
  from space 7168K, 99% used [0x00000007d5500000,0x00000007d5bf0010,0x00000007d5c00000)
  to   space 11264K, 0% used [0x00000007d4600000,0x00000007d4600000,0x00000007d5100000)
 ParOldGen       total 269824K, used 175541K [0x0000000706400000, 0x0000000716b80000, 0x00000007acc00000)
  object space 269824K, 65% used [0x0000000706400000,0x0000000710f6d498,0x0000000716b80000)
 PSPermGen       total 21504K, used 5917K [0x00000006fbe00000, 0x00000006fd300000, 0x0000000706400000)
  object space 21504K, 27% used [0x00000006fbe00000,0x00000006fc3c77f8,0x00000006fd300000)
}
Event: 462.965 GC heap before
{Heap before GC invocations=168 (full 1):
 PSYoungGen      total 593408K, used 593344K [0x00000007acc00000, 0x00000007d5c00000, 0x0000000800000000)
  eden space 586240K, 100% used [0x00000007acc00000,0x00000007d0880000,0x00000007d0880000)
  from space 7168K, 99% used [0x00000007d5500000,0x00000007d5bf0010,0x00000007d5c00000)
  to   space 11264K, 0% used [0x00000007d4600000,0x00000007d4600000,0x00000007d5100000)
 ParOldGen       total 269824K, used 175541K [0x0000000706400000, 0x0000000716b80000, 0x00000007acc00000)
  object space 269824K, 65% used [0x0000000706400000,0x0000000710f6d498,0x0000000716b80000)
 PSPermGen       total 21504K, used 5917K [0x00000006fbe00000, 0x00000006fd300000, 0x0000000706400000)
  object space 21504K, 27% used [0x00000006fbe00000,0x00000006fc3c77f8,0x00000006fd300000)
Event: 463.092 GC heap after
Heap after GC invocations=168 (full 1):
 PSYoungGen      total 660480K, used 7876K [0x00000007acc00000, 0x00000007d6d00000, 0x0000000800000000)
  eden space 649216K, 0% used [0x00000007acc00000,0x00000007acc00000,0x00000007d4600000)
  from space 11264K, 69% used [0x00000007d4600000,0x00000007d4db1050,0x00000007d5100000)
  to   space 11776K, 0% used [0x00000007d6180000,0x00000007d6180000,0x00000007d6d00000)
 ParOldGen       total 269824K, used 181864K [0x0000000706400000, 0x0000000716b80000, 0x00000007acc00000)
  object space 269824K, 67% used [0x0000000706400000,0x000000071159a138,0x0000000716b80000)
 PSPermGen       total 21504K, used 5917K [0x00000006fbe00000, 0x00000006fd300000, 0x0000000706400000)
  object space 21504K, 27% used [0x00000006fbe00000,0x00000006fc3c77f8,0x00000006fd300000)
}
Event: 467.835 GC heap before
{Heap before GC invocations=169 (full 1):
 PSYoungGen      total 660480K, used 657092K [0x00000007acc00000, 0x00000007d6d00000, 0x0000000800000000)
  eden space 649216K, 100% used [0x00000007acc00000,0x00000007d4600000,0x00000007d4600000)
  from space 11264K, 69% used [0x00000007d4600000,0x00000007d4db1050,0x00000007d5100000)
  to   space 11776K, 0% used [0x00000007d6180000,0x00000007d6180000,0x00000007d6d00000)
 ParOldGen       total 269824K, used 181864K [0x0000000706400000, 0x0000000716b80000, 0x00000007acc00000)
  object space 269824K, 67% used [0x0000000706400000,0x000000071159a138,0x0000000716b80000)
 PSPermGen       total 21504K, used 5917K [0x00000006fbe00000, 0x00000006fd300000, 0x0000000706400000)
  object space 21504K, 27% used [0x00000006fbe00000,0x00000006fc3c77f8,0x00000006fd300000)
Event: 467.980 GC heap after
Heap after GC invocations=169 (full 1):
 PSYoungGen      total 676864K, used 8608K [0x00000007acc00000, 0x00000007dbc00000, 0x0000000800000000)
  eden space 665088K, 0% used [0x00000007acc00000,0x00000007acc00000,0x00000007d5580000)
  from space 11776K, 73% used [0x00000007d6180000,0x00000007d69e8020,0x00000007d6d00000)
  to   space 12288K, 0% used [0x00000007d5580000,0x00000007d5580000,0x00000007d6180000)
 ParOldGen       total 269824K, used 188910K [0x0000000706400000, 0x0000000716b80000, 0x00000007acc00000)
  object space 269824K, 70% used [0x0000000706400000,0x0000000711c7b9e8,0x0000000716b80000)
 PSPermGen       total 21504K, used 5917K [0x00000006fbe00000, 0x00000006fd300000, 0x0000000706400000)
  object space 21504K, 27% used [0x00000006fbe00000,0x00000006fc3c77f8,0x00000006fd300000)
}
Event: 473.122 GC heap before
{Heap before GC invocations=170 (full 1):
 PSYoungGen      total 676864K, used 673696K [0x00000007acc00000, 0x00000007dbc00000, 0x0000000800000000)
  eden space 665088K, 100% used [0x00000007acc00000,0x00000007d5580000,0x00000007d5580000)
  from space 11776K, 73% used [0x00000007d6180000,0x00000007d69e8020,0x00000007d6d00000)
  to   space 12288K, 0% used [0x00000007d5580000,0x00000007d5580000,0x00000007d6180000)
 ParOldGen       total 269824K, used 188910K [0x0000000706400000, 0x0000000716b80000, 0x00000007acc00000)
  object space 269824K, 70% used [0x0000000706400000,0x0000000711c7b9e8,0x0000000716b80000)
 PSPermGen       total 21504K, used 5917K [0x00000006fbe00000, 0x00000006fd300000, 0x0000000706400000)
  object space 21504K, 27% used [0x00000006fbe00000,0x00000006fc3c77f8,0x00000006fd300000)
Event: 473.147 GC heap after
Heap after GC invocations=170 (full 1):
 PSYoungGen      total 677376K, used 9231K [0x00000007acc00000, 0x00000007dc980000, 0x0000000800000000)
  eden space 665088K, 0% used [0x00000007acc00000,0x00000007acc00000,0x00000007d5580000)
  from space 12288K, 75% used [0x00000007d5580000,0x00000007d5e83e00,0x00000007d6180000)
  to   space 12800K, 0% used [0x00000007dbd00000,0x00000007dbd00000,0x00000007dc980000)
 ParOldGen       total 269824K, used 196620K [0x0000000706400000, 0x0000000716b80000, 0x00000007acc00000)
  object space 269824K, 72% used [0x0000000706400000,0x0000000712403050,0x0000000716b80000)
 PSPermGen       total 21504K, used 5917K [0x00000006fbe00000, 0x00000006fd300000, 0x0000000706400000)
  object space 21504K, 27% used [0x00000006fbe00000,0x00000006fc3c77f8,0x00000006fd300000)
}
Event: 477.299 GC heap before
{Heap before GC invocations=171 (full 1):
 PSYoungGen      total 677376K, used 674319K [0x00000007acc00000, 0x00000007dc980000, 0x0000000800000000)
  eden space 665088K, 100% used [0x00000007acc00000,0x00000007d5580000,0x00000007d5580000)
  from space 12288K, 75% used [0x00000007d5580000,0x00000007d5e83e00,0x00000007d6180000)
  to   space 12800K, 0% used [0x00000007dbd00000,0x00000007dbd00000,0x00000007dc980000)
 ParOldGen       total 269824K, used 196620K [0x0000000706400000, 0x0000000716b80000, 0x00000007acc00000)
  object space 269824K, 72% used [0x0000000706400000,0x0000000712403050,0x0000000716b80000)
 PSPermGen       total 21504K, used 5917K [0x00000006fbe00000, 0x00000006fd300000, 0x0000000706400000)
  object space 21504K, 27% used [0x00000006fbe00000,0x00000006fc3c77f8,0x00000006fd300000)
Event: 477.315 GC heap after
Heap after GC invocations=171 (full 1):
 PSYoungGen      total 761856K, used 8864K [0x00000007acc00000, 0x00000007dc600000, 0x0000000800000000)
  eden space 752640K, 0% used [0x00000007acc00000,0x00000007acc00000,0x00000007dab00000)
  from space 9216K, 96% used [0x00000007dbd00000,0x00000007dc5a8010,0x00000007dc600000)
  to   space 13312K, 0% used [0x00000007dac00000,0x00000007dac00000,0x00000007db900000)
 ParOldGen       total 269824K, used 204850K [0x0000000706400000, 0x0000000716b80000, 0x00000007acc00000)
  object space 269824K, 75% used [0x0000000706400000,0x0000000712c0c930,0x0000000716b80000)
 PSPermGen       total 21504K, used 5917K [0x00000006fbe00000, 0x00000006fd300000, 0x0000000706400000)
  object space 21504K, 27% used [0x00000006fbe00000,0x00000006fc3c77f8,0x00000006fd300000)
}
Event: 485.653 GC heap before
{Heap before GC invocations=172 (full 1):
 PSYoungGen      total 761856K, used 761504K [0x00000007acc00000, 0x00000007dc600000, 0x0000000800000000)
  eden space 752640K, 100% used [0x00000007acc00000,0x00000007dab00000,0x00000007dab00000)
  from space 9216K, 96% used [0x00000007dbd00000,0x00000007dc5a8010,0x00000007dc600000)
  to   space 13312K, 0% used [0x00000007dac00000,0x00000007dac00000,0x00000007db900000)
 ParOldGen       total 269824K, used 204850K [0x0000000706400000, 0x0000000716b80000, 0x00000007acc00000)
  object space 269824K, 75% used [0x0000000706400000,0x0000000712c0c930,0x0000000716b80000)
 PSPermGen       total 21504K, used 5917K [0x00000006fbe00000, 0x00000006fd300000, 0x0000000706400000)
  object space 21504K, 27% used [0x00000006fbe00000,0x00000006fc3c77f8,0x00000006fd300000)

Deoptimization events (10 events):
Event: 383.068 Thread 0x00007fd4a0256800 Uncommon trap: reason=predicate action=maybe_recompile pc=0x00007fd49c879324 method=java.util.TreeMap.getFloorEntry(Ljava/lang/Object;)Ljava/util/TreeMap$Entry; @ 9
Event: 383.068 Thread 0x00007fd4a0256800 Uncommon trap: reason=class_check action=maybe_recompile pc=0x00007fd49c8bf950 method=java.util.TreeMap.compare(Ljava/lang/Object;Ljava/lang/Object;)I @ 8
Event: 383.068 Thread 0x00007fd4a0256800 Uncommon trap: reason=class_check action=maybe_recompile pc=0x00007fd49c8bf950 method=java.util.TreeMap.compare(Ljava/lang/Object;Ljava/lang/Object;)I @ 8
Event: 383.068 Thread 0x00007fd4a0256800 Uncommon trap: reason=class_check action=maybe_recompile pc=0x00007fd49c8bf950 method=java.util.TreeMap.compare(Ljava/lang/Object;Ljava/lang/Object;)I @ 8
Event: 383.068 Thread 0x00007fd4a0256800 Uncommon trap: reason=class_check action=maybe_recompile pc=0x00007fd49c8bf950 method=java.util.TreeMap.compare(Ljava/lang/Object;Ljava/lang/Object;)I @ 8
Event: 383.111 Thread 0x00007fd4a0256800 Uncommon trap: reason=null_check action=make_not_entrant pc=0x00007fd49c8cf7c4 method=edu.ucsd.msjava.msscorer.NewRankScorer.getPartition(IFI)Ledu/ucsd/msjava/msscorer/Partition; @ 40
Event: 383.977 Thread 0x00007fd4a0256800 Uncommon trap: reason=class_check action=maybe_recompile pc=0x00007fd49c8b2684 method=java.util.HashMap.put(Ljava/lang/Object;Ljava/lang/Object;)Ljava/lang/Object; @ 83
Event: 384.167 Thread 0x00007fd4a0256800 Uncommon trap: reason=class_check action=maybe_recompile pc=0x00007fd49c8b2684 method=java.util.HashMap.put(Ljava/lang/Object;Ljava/lang/Object;)Ljava/lang/Object; @ 83
Event: 384.199 Thread 0x00007fd4a0256800 Uncommon trap: reason=class_check action=maybe_recompile pc=0x00007fd49c8b2684 method=java.util.HashMap.put(Ljava/lang/Object;Ljava/lang/Object;)Ljava/lang/Object; @ 83
Event: 384.514 Thread 0x00007fd4a0256800 Uncommon trap: reason=class_check action=maybe_recompile pc=0x00007fd49c8b2684 method=java.util.HashMap.put(Ljava/lang/Object;Ljava/lang/Object;)Ljava/lang/Object; @ 83

Internal exceptions (10 events):
Event: 382.228 Thread 0x00007fd4a0256800 Threw 0x00000007b52e52e0 at /build/openjdk-7-FO0dNI/openjdk-7-7u79-2.5.6/build/openjdk/hotspot/src/share/vm/prims/jvm.cpp:1284
Event: 382.229 Thread 0x00007fd4a0256800 Threw 0x00000007b52e7dd8 at /build/openjdk-7-FO0dNI/openjdk-7-7u79-2.5.6/build/openjdk/hotspot/src/share/vm/prims/jvm.cpp:1284
Event: 382.230 Thread 0x00007fd4a0256800 Threw 0x00000007b52ec8b8 at /build/openjdk-7-FO0dNI/openjdk-7-7u79-2.5.6/build/openjdk/hotspot/src/share/vm/prims/jvm.cpp:1284
Event: 382.660 Thread 0x00007fd4a0256800 Threw 0x00000007bcc88d50 at /build/openjdk-7-FO0dNI/openjdk-7-7u79-2.5.6/build/openjdk/hotspot/src/share/vm/prims/jvm.cpp:1284
Event: 382.668 Thread 0x00007fd4a0256800 Threw 0x00000007bcc93528 at /build/openjdk-7-FO0dNI/openjdk-7-7u79-2.5.6/build/openjdk/hotspot/src/share/vm/prims/jvm.cpp:1284
Event: 382.682 Thread 0x00007fd4a0256800 Threw 0x00000007bcc97bd8 at /build/openjdk-7-FO0dNI/openjdk-7-7u79-2.5.6/build/openjdk/hotspot/src/share/vm/prims/jvm.cpp:1284
Event: 382.683 Thread 0x00007fd4a0256800 Threw 0x00000007bcc9b108 at /build/openjdk-7-FO0dNI/openjdk-7-7u79-2.5.6/build/openjdk/hotspot/src/share/vm/prims/jvm.cpp:1284
Event: 382.695 Thread 0x00007fd4a0256800 Threw 0x00000007bcc9fb40 at /build/openjdk-7-FO0dNI/openjdk-7-7u79-2.5.6/build/openjdk/hotspot/src/share/vm/prims/jvm.cpp:1284
Event: 382.695 Thread 0x00007fd4a0256800 Threw 0x00000007bcca5008 at /build/openjdk-7-FO0dNI/openjdk-7-7u79-2.5.6/build/openjdk/hotspot/src/share/vm/prims/jvm.cpp:1284
Event: 383.111 Thread 0x00007fd4a0256800 Implicit null exception at 0x00007fd49c8cf138 to 0x00007fd49c8cf749

Events (10 events):
Event: 471.865 Thread 0x00007fd4a0172000 flushing nmethod 0x00007fd49c876bd0
Event: 473.122 Executing VM operation: ParallelGCFailedAllocation
Event: 473.147 Executing VM operation: ParallelGCFailedAllocation done
Event: 477.292 Executing VM operation: ParallelGCFailedAllocation
Event: 477.315 Executing VM operation: ParallelGCFailedAllocation done
Event: 482.889 Thread 0x00007fd4a0175000 flushing nmethod 0x00007fd49c8b1510
Event: 482.889 Thread 0x00007fd4a0175000 flushing nmethod 0x00007fd49c8b4590
Event: 482.889 Thread 0x00007fd4a0175000 flushing nmethod 0x00007fd49c8b5d50
Event: 483.346 Thread 0x00007fd4a0175000 flushing nmethod 0x00007fd49c8c1610
Event: 485.613 Executing VM operation: ParallelGCFailedAllocation


Dynamic libraries:
00400000-00401000 r-xp 00000000 08:12 2374851                            /usr/lib/jvm/java-7-openjdk-amd64/jre/bin/java
00600000-00601000 r--p 00000000 08:12 2374851                            /usr/lib/jvm/java-7-openjdk-amd64/jre/bin/java
00601000-00602000 rw-p 00001000 08:12 2374851                            /usr/lib/jvm/java-7-openjdk-amd64/jre/bin/java
01dfc000-01e1d000 rw-p 00000000 00:00 0                                  [heap]
6fbe00000-6fd300000 rw-p 00000000 00:00 0 
6fd300000-706400000 rw-p 00000000 00:00 0 
706400000-716b80000 rw-p 00000000 00:00 0 
716b80000-7acc00000 rw-p 00000000 00:00 0 
7acc00000-7dc600000 rw-p 00000000 00:00 0 
7e3100000-7e4b00000 ---p 00000000 00:00 0 
7e4b00000-800000000 rw-p 00000000 00:00 0 
7fd44c000000-7fd44c021000 rw-p 00000000 00:00 0 
7fd44c021000-7fd450000000 ---p 00000000 00:00 0 
7fd450000000-7fd450021000 rw-p 00000000 00:00 0 
7fd450021000-7fd454000000 ---p 00000000 00:00 0 
7fd454000000-7fd45406a000 rw-p 00000000 00:00 0 
7fd45406a000-7fd458000000 ---p 00000000 00:00 0 
7fd458000000-7fd458021000 rw-p 00000000 00:00 0 
7fd458021000-7fd45c000000 ---p 00000000 00:00 0 
7fd45c000000-7fd45c021000 rw-p 00000000 00:00 0 
7fd45c021000-7fd460000000 ---p 00000000 00:00 0 
7fd460000000-7fd460021000 rw-p 00000000 00:00 0 
7fd460021000-7fd464000000 ---p 00000000 00:00 0 
7fd464000000-7fd464a5c000 rw-p 00000000 00:00 0 
7fd464a5c000-7fd468000000 ---p 00000000 00:00 0 
7fd468000000-7fd468a2c000 rw-p 00000000 00:00 0 
7fd468a2c000-7fd46c000000 ---p 00000000 00:00 0 
7fd46c000000-7fd46c021000 rw-p 00000000 00:00 0 
7fd46c021000-7fd470000000 ---p 00000000 00:00 0 
7fd470000000-7fd470021000 rw-p 00000000 00:00 0 
7fd470021000-7fd474000000 ---p 00000000 00:00 0 
7fd474000000-7fd474021000 rw-p 00000000 00:00 0 
7fd474021000-7fd478000000 ---p 00000000 00:00 0 
7fd47acff000-7fd47ae60000 rw-p 00000000 00:00 0 
7fd47ae60000-7fd47ae63000 ---p 00000000 00:00 0 
7fd47ae63000-7fd47af61000 rw-p 00000000 00:00 0                          [stack:19882]
7fd47af61000-7fd47af64000 ---p 00000000 00:00 0 
7fd47af64000-7fd47b062000 rw-p 00000000 00:00 0                          [stack:19881]
7fd47b062000-7fd47b065000 ---p 00000000 00:00 0 
7fd47b065000-7fd47b163000 rw-p 00000000 00:00 0                          [stack:19880]
7fd47b163000-7fd47b166000 ---p 00000000 00:00 0 
7fd47b166000-7fd47b264000 rw-p 00000000 00:00 0                          [stack:19879]
7fd47b264000-7fd47b2a1000 r-xp 00000000 08:12 6950810                    /lib/x86_64-linux-gnu/libpcre.so.3.13.1
7fd47b2a1000-7fd47b4a0000 ---p 0003d000 08:12 6950810                    /lib/x86_64-linux-gnu/libpcre.so.3.13.1
7fd47b4a0000-7fd47b4a1000 r--p 0003c000 08:12 6950810                    /lib/x86_64-linux-gnu/libpcre.so.3.13.1
7fd47b4a1000-7fd47b4a2000 rw-p 0003d000 08:12 6950810                    /lib/x86_64-linux-gnu/libpcre.so.3.13.1
7fd47b4a2000-7fd47b4a9000 r-xp 00000000 08:12 2367758                    /usr/lib/x86_64-linux-gnu/libffi.so.6.0.1
7fd47b4a9000-7fd47b6a8000 ---p 00007000 08:12 2367758                    /usr/lib/x86_64-linux-gnu/libffi.so.6.0.1
7fd47b6a8000-7fd47b6a9000 r--p 00006000 08:12 2367758                    /usr/lib/x86_64-linux-gnu/libffi.so.6.0.1
7fd47b6a9000-7fd47b6aa000 rw-p 00007000 08:12 2367758                    /usr/lib/x86_64-linux-gnu/libffi.so.6.0.1
7fd47b6aa000-7fd47b6c1000 r-xp 00000000 08:12 6947817                    /lib/x86_64-linux-gnu/libresolv-2.19.so
7fd47b6c1000-7fd47b8c1000 ---p 00017000 08:12 6947817                    /lib/x86_64-linux-gnu/libresolv-2.19.so
7fd47b8c1000-7fd47b8c2000 r--p 00017000 08:12 6947817                    /lib/x86_64-linux-gnu/libresolv-2.19.so
7fd47b8c2000-7fd47b8c3000 rw-p 00018000 08:12 6947817                    /lib/x86_64-linux-gnu/libresolv-2.19.so
7fd47b8c3000-7fd47b8c5000 rw-p 00000000 00:00 0 
7fd47b8c5000-7fd47b8e5000 r-xp 00000000 08:12 6950964                    /lib/x86_64-linux-gnu/libselinux.so.1
7fd47b8e5000-7fd47bae4000 ---p 00020000 08:12 6950964                    /lib/x86_64-linux-gnu/libselinux.so.1
7fd47bae4000-7fd47bae5000 r--p 0001f000 08:12 6950964                    /lib/x86_64-linux-gnu/libselinux.so.1
7fd47bae5000-7fd47bae6000 rw-p 00020000 08:12 6950964                    /lib/x86_64-linux-gnu/libselinux.so.1
7fd47bae6000-7fd47bae8000 rw-p 00000000 00:00 0 
7fd47bae8000-7fd47bbee000 r-xp 00000000 08:12 6950767                    /lib/x86_64-linux-gnu/libglib-2.0.so.0.4002.0
7fd47bbee000-7fd47bded000 ---p 00106000 08:12 6950767                    /lib/x86_64-linux-gnu/libglib-2.0.so.0.4002.0
7fd47bded000-7fd47bdee000 r--p 00105000 08:12 6950767                    /lib/x86_64-linux-gnu/libglib-2.0.so.0.4002.0
7fd47bdee000-7fd47bdef000 rw-p 00106000 08:12 6950767                    /lib/x86_64-linux-gnu/libglib-2.0.so.0.4002.0
7fd47bdef000-7fd484000000 rw-p 00000000 00:00 0 
7fd484000000-7fd484021000 rw-p 00000000 00:00 0 
7fd484021000-7fd488000000 ---p 00000000 00:00 0 
7fd488000000-7fd4880e1000 rw-p 00000000 00:00 0 
7fd4880e1000-7fd48c000000 ---p 00000000 00:00 0 
7fd48c000000-7fd48c021000 rw-p 00000000 00:00 0 
7fd48c021000-7fd490000000 ---p 00000000 00:00 0 
7fd490000000-7fd490021000 rw-p 00000000 00:00 0 
7fd490021000-7fd494000000 ---p 00000000 00:00 0 
7fd494000000-7fd494021000 rw-p 00000000 00:00 0 
7fd494021000-7fd498000000 ---p 00000000 00:00 0 
7fd4980fe000-7fd498101000 r-xp 00000000 08:12 2359660                    /usr/lib/x86_64-linux-gnu/libgmodule-2.0.so.0.4002.0
7fd498101000-7fd498300000 ---p 00003000 08:12 2359660                    /usr/lib/x86_64-linux-gnu/libgmodule-2.0.so.0.4002.0
7fd498300000-7fd498301000 r--p 00002000 08:12 2359660                    /usr/lib/x86_64-linux-gnu/libgmodule-2.0.so.0.4002.0
7fd498301000-7fd498302000 rw-p 00003000 08:12 2359660                    /usr/lib/x86_64-linux-gnu/libgmodule-2.0.so.0.4002.0
7fd498302000-7fd498351000 r-xp 00000000 08:12 2359678                    /usr/lib/x86_64-linux-gnu/libgobject-2.0.so.0.4002.0
7fd498351000-7fd498551000 ---p 0004f000 08:12 2359678                    /usr/lib/x86_64-linux-gnu/libgobject-2.0.so.0.4002.0
7fd498551000-7fd498552000 r--p 0004f000 08:12 2359678                    /usr/lib/x86_64-linux-gnu/libgobject-2.0.so.0.4002.0
7fd498552000-7fd498553000 rw-p 00050000 08:12 2359678                    /usr/lib/x86_64-linux-gnu/libgobject-2.0.so.0.4002.0
7fd498553000-7fd4986bf000 r-xp 00000000 08:12 2359682                    /usr/lib/x86_64-linux-gnu/libgio-2.0.so.0.4002.0
7fd4986bf000-7fd4988be000 ---p 0016c000 08:12 2359682                    /usr/lib/x86_64-linux-gnu/libgio-2.0.so.0.4002.0
7fd4988be000-7fd4988c2000 r--p 0016b000 08:12 2359682                    /usr/lib/x86_64-linux-gnu/libgio-2.0.so.0.4002.0
7fd4988c2000-7fd4988c4000 rw-p 0016f000 08:12 2359682                    /usr/lib/x86_64-linux-gnu/libgio-2.0.so.0.4002.0
7fd4988c4000-7fd4988c6000 rw-p 00000000 00:00 0 
7fd4988e1000-7fd4988f8000 r-xp 00000000 08:12 2368946                    /usr/lib/jvm/java-7-openjdk-amd64/jre/lib/amd64/libnet.so
7fd4988f8000-7fd498af7000 ---p 00017000 08:12 2368946                    /usr/lib/jvm/java-7-openjdk-amd64/jre/lib/amd64/libnet.so
7fd498af7000-7fd498af8000 r--p 00016000 08:12 2368946                    /usr/lib/jvm/java-7-openjdk-amd64/jre/lib/amd64/libnet.so
7fd498af8000-7fd498af9000 rw-p 00017000 08:12 2368946                    /usr/lib/jvm/java-7-openjdk-amd64/jre/lib/amd64/libnet.so
7fd498af9000-7fd498b09000 r-xp 00000000 08:12 2368951                    /usr/lib/jvm/java-7-openjdk-amd64/jre/lib/amd64/libnio.so
7fd498b09000-7fd498d09000 ---p 00010000 08:12 2368951                    /usr/lib/jvm/java-7-openjdk-amd64/jre/lib/amd64/libnio.so
7fd498d09000-7fd498d0a000 r--p 00010000 08:12 2368951                    /usr/lib/jvm/java-7-openjdk-amd64/jre/lib/amd64/libnio.so
7fd498d0a000-7fd498d0b000 rw-p 00011000 08:12 2368951                    /usr/lib/jvm/java-7-openjdk-amd64/jre/lib/amd64/libnio.so
7fd498d0b000-7fd498de1000 r--s 013aa000 08:01 38797398                   /data/proteomics/SearchGUI/resources/MS-GF+/MSGFPlus.jar
7fd498de1000-7fd498de2000 ---p 00000000 00:00 0 
7fd498de2000-7fd498ee2000 rw-p 00000000 00:00 0                          [stack:19588]
7fd498ee2000-7fd498ee5000 ---p 00000000 00:00 0 
7fd498ee5000-7fd498fe3000 rw-p 00000000 00:00 0                          [stack:19587]
7fd498fe3000-7fd498fe6000 ---p 00000000 00:00 0 
7fd498fe6000-7fd4990e4000 rw-p 00000000 00:00 0                          [stack:19586]
7fd4990e4000-7fd4990e7000 ---p 00000000 00:00 0 
7fd4990e7000-7fd4991e5000 rw-p 00000000 00:00 0                          [stack:19585]
7fd4991e5000-7fd4991e8000 ---p 00000000 00:00 0 
7fd4991e8000-7fd4992e6000 rw-p 00000000 00:00 0                          [stack:19584]
7fd4992e6000-7fd4999c8000 r--p 00000000 08:12 2366458                    /usr/lib/locale/locale-archive
7fd4999c8000-7fd4999cb000 ---p 00000000 00:00 0 
7fd4999cb000-7fd499ac9000 rw-p 00000000 00:00 0                          [stack:19583]
7fd499ac9000-7fd499acc000 ---p 00000000 00:00 0 
7fd499acc000-7fd499bca000 rw-p 00000000 00:00 0                          [stack:19582]
7fd499bca000-7fd499bcb000 ---p 00000000 00:00 0 
7fd499bcb000-7fd49ac23000 rw-p 00000000 00:00 0                          [stack:19581]
7fd49ac23000-7fd49add4000 r--s 01d29000 08:12 2367444                    /usr/lib/jvm/java-7-openjdk-amd64/jre/lib/rt.jar
7fd49add4000-7fd49b66b000 rw-p 00000000 00:00 0 
7fd49b66b000-7fd49b66c000 ---p 00000000 00:00 0 
7fd49b66c000-7fd49b76c000 rw-p 00000000 00:00 0                          [stack:19580]
7fd49b76c000-7fd49b76d000 ---p 00000000 00:00 0 
7fd49b76d000-7fd49b86d000 rw-p 00000000 00:00 0                          [stack:19579]
7fd49b86d000-7fd49b86e000 ---p 00000000 00:00 0 
7fd49b86e000-7fd49b96e000 rw-p 00000000 00:00 0                          [stack:19578]
7fd49b96e000-7fd49b96f000 ---p 00000000 00:00 0 
7fd49b96f000-7fd49baf3000 rw-p 00000000 00:00 0                          [stack:19577]
7fd49baf3000-7fd49bfa3000 rw-p 00000000 00:00 0 
7fd49bfa3000-7fd49bfae000 rw-p 00000000 00:00 0 
7fd49bfae000-7fd49bff6000 rw-p 00000000 00:00 0 
7fd49bff6000-7fd49c07a000 rw-p 00000000 00:00 0 
7fd49c07a000-7fd49c52a000 rw-p 00000000 00:00 0 
7fd49c52a000-7fd49c6a7000 rw-p 00000000 00:00 0 
7fd49c6a7000-7fd49c6ea000 ---p 00000000 00:00 0 
7fd49c6ea000-7fd49c7c4000 rw-p 00000000 00:00 0 
7fd49c7c4000-7fd49c7c5000 rw-p 00000000 00:00 0 
7fd49c7c5000-7fd49ca35000 rwxp 00000000 00:00 0 
7fd49ca35000-7fd49f7c5000 rw-p 00000000 00:00 0 
7fd49f7c5000-7fd49f7cd000 r-xp 00000000 08:12 2368884                    /usr/lib/jvm/java-7-openjdk-amd64/jre/lib/amd64/libzip.so
7fd49f7cd000-7fd49f9cc000 ---p 00008000 08:12 2368884                    /usr/lib/jvm/java-7-openjdk-amd64/jre/lib/amd64/libzip.so
7fd49f9cc000-7fd49f9cd000 r--p 00007000 08:12 2368884                    /usr/lib/jvm/java-7-openjdk-amd64/jre/lib/amd64/libzip.so
7fd49f9cd000-7fd49f9ce000 rw-p 00008000 08:12 2368884                    /usr/lib/jvm/java-7-openjdk-amd64/jre/lib/amd64/libzip.so
7fd49f9ce000-7fd49f9d9000 r-xp 00000000 08:12 6947820                    /lib/x86_64-linux-gnu/libnss_files-2.19.so
7fd49f9d9000-7fd49fbd8000 ---p 0000b000 08:12 6947820                    /lib/x86_64-linux-gnu/libnss_files-2.19.so
7fd49fbd8000-7fd49fbd9000 r--p 0000a000 08:12 6947820                    /lib/x86_64-linux-gnu/libnss_files-2.19.so
7fd49fbd9000-7fd49fbda000 rw-p 0000b000 08:12 6947820                    /lib/x86_64-linux-gnu/libnss_files-2.19.so
7fd49fbda000-7fd49fbe5000 r-xp 00000000 08:12 6951117                    /lib/x86_64-linux-gnu/libnss_nis-2.19.so
7fd49fbe5000-7fd49fde4000 ---p 0000b000 08:12 6951117                    /lib/x86_64-linux-gnu/libnss_nis-2.19.so
7fd49fde4000-7fd49fde5000 r--p 0000a000 08:12 6951117                    /lib/x86_64-linux-gnu/libnss_nis-2.19.so
7fd49fde5000-7fd49fde6000 rw-p 0000b000 08:12 6951117                    /lib/x86_64-linux-gnu/libnss_nis-2.19.so
7fd49fde6000-7fd49fdfd000 r-xp 00000000 08:12 6950849                    /lib/x86_64-linux-gnu/libnsl-2.19.so
7fd49fdfd000-7fd49fffc000 ---p 00017000 08:12 6950849                    /lib/x86_64-linux-gnu/libnsl-2.19.so
7fd49fffc000-7fd49fffd000 r--p 00016000 08:12 6950849                    /lib/x86_64-linux-gnu/libnsl-2.19.so
7fd49fffd000-7fd49fffe000 rw-p 00017000 08:12 6950849                    /lib/x86_64-linux-gnu/libnsl-2.19.so
7fd49fffe000-7fd4a0000000 rw-p 00000000 00:00 0 
7fd4a0000000-7fd4a02c4000 rw-p 00000000 00:00 0 
7fd4a02c4000-7fd4a4000000 ---p 00000000 00:00 0 
7fd4a400c000-7fd4a40c4000 rw-p 00000000 00:00 0 
7fd4a40c4000-7fd4a410c000 rw-p 00000000 00:00 0 
7fd4a410c000-7fd4a4115000 r-xp 00000000 08:12 6950804                    /lib/x86_64-linux-gnu/libnss_compat-2.19.so
7fd4a4115000-7fd4a4314000 ---p 00009000 08:12 6950804                    /lib/x86_64-linux-gnu/libnss_compat-2.19.so
7fd4a4314000-7fd4a4315000 r--p 00008000 08:12 6950804                    /lib/x86_64-linux-gnu/libnss_compat-2.19.so
7fd4a4315000-7fd4a4316000 rw-p 00009000 08:12 6950804                    /lib/x86_64-linux-gnu/libnss_compat-2.19.so
7fd4a4316000-7fd4a4341000 r-xp 00000000 08:12 2368954                    /usr/lib/jvm/java-7-openjdk-amd64/jre/lib/amd64/libjava.so
7fd4a4341000-7fd4a4540000 ---p 0002b000 08:12 2368954                    /usr/lib/jvm/java-7-openjdk-amd64/jre/lib/amd64/libjava.so
7fd4a4540000-7fd4a4541000 r--p 0002a000 08:12 2368954                    /usr/lib/jvm/java-7-openjdk-amd64/jre/lib/amd64/libjava.so
7fd4a4541000-7fd4a4543000 rw-p 0002b000 08:12 2368954                    /usr/lib/jvm/java-7-openjdk-amd64/jre/lib/amd64/libjava.so
7fd4a4543000-7fd4a4553000 r-xp 00000000 08:12 2368900                    /usr/lib/jvm/java-7-openjdk-amd64/jre/lib/amd64/libverify.so
7fd4a4553000-7fd4a4752000 ---p 00010000 08:12 2368900                    /usr/lib/jvm/java-7-openjdk-amd64/jre/lib/amd64/libverify.so
7fd4a4752000-7fd4a4754000 r--p 0000f000 08:12 2368900                    /usr/lib/jvm/java-7-openjdk-amd64/jre/lib/amd64/libverify.so
7fd4a4754000-7fd4a4755000 rw-p 00011000 08:12 2368900                    /usr/lib/jvm/java-7-openjdk-amd64/jre/lib/amd64/libverify.so
7fd4a4755000-7fd4a475c000 r-xp 00000000 08:12 6951114                    /lib/x86_64-linux-gnu/librt-2.19.so
7fd4a475c000-7fd4a495b000 ---p 00007000 08:12 6951114                    /lib/x86_64-linux-gnu/librt-2.19.so
7fd4a495b000-7fd4a495c000 r--p 00006000 08:12 6951114                    /lib/x86_64-linux-gnu/librt-2.19.so
7fd4a495c000-7fd4a495d000 rw-p 00007000 08:12 6951114                    /lib/x86_64-linux-gnu/librt-2.19.so
7fd4a495d000-7fd4a4973000 r-xp 00000000 08:12 6950811                    /lib/x86_64-linux-gnu/libgcc_s.so.1
7fd4a4973000-7fd4a4b72000 ---p 00016000 08:12 6950811                    /lib/x86_64-linux-gnu/libgcc_s.so.1
7fd4a4b72000-7fd4a4b73000 rw-p 00015000 08:12 6950811                    /lib/x86_64-linux-gnu/libgcc_s.so.1
7fd4a4b73000-7fd4a4c78000 r-xp 00000000 08:12 6947818                    /lib/x86_64-linux-gnu/libm-2.19.so
7fd4a4c78000-7fd4a4e77000 ---p 00105000 08:12 6947818                    /lib/x86_64-linux-gnu/libm-2.19.so
7fd4a4e77000-7fd4a4e78000 r--p 00104000 08:12 6947818                    /lib/x86_64-linux-gnu/libm-2.19.so
7fd4a4e78000-7fd4a4e79000 rw-p 00105000 08:12 6947818                    /lib/x86_64-linux-gnu/libm-2.19.so
7fd4a4e79000-7fd4a4f5f000 r-xp 00000000 08:12 2368386                    /usr/lib/x86_64-linux-gnu/libstdc++.so.6.0.19
7fd4a4f5f000-7fd4a515e000 ---p 000e6000 08:12 2368386                    /usr/lib/x86_64-linux-gnu/libstdc++.so.6.0.19
7fd4a515e000-7fd4a5166000 r--p 000e5000 08:12 2368386                    /usr/lib/x86_64-linux-gnu/libstdc++.so.6.0.19
7fd4a5166000-7fd4a5168000 rw-p 000ed000 08:12 2368386                    /usr/lib/x86_64-linux-gnu/libstdc++.so.6.0.19
7fd4a5168000-7fd4a517d000 rw-p 00000000 00:00 0 
7fd4a517d000-7fd4a5c96000 r-xp 00000000 08:12 2368888                    /usr/lib/jvm/java-7-openjdk-amd64/jre/lib/amd64/server/libjvm.so
7fd4a5c96000-7fd4a5e96000 ---p 00b19000 08:12 2368888                    /usr/lib/jvm/java-7-openjdk-amd64/jre/lib/amd64/server/libjvm.so
7fd4a5e96000-7fd4a5f30000 r--p 00b19000 08:12 2368888                    /usr/lib/jvm/java-7-openjdk-amd64/jre/lib/amd64/server/libjvm.so
7fd4a5f30000-7fd4a5f53000 rw-p 00bb3000 08:12 2368888                    /usr/lib/jvm/java-7-openjdk-amd64/jre/lib/amd64/server/libjvm.so
7fd4a5f53000-7fd4a5f81000 rw-p 00000000 00:00 0 
7fd4a5f81000-7fd4a5f99000 r-xp 00000000 08:12 6950997                    /lib/x86_64-linux-gnu/libz.so.1.2.8
7fd4a5f99000-7fd4a6198000 ---p 00018000 08:12 6950997                    /lib/x86_64-linux-gnu/libz.so.1.2.8
7fd4a6198000-7fd4a6199000 r--p 00017000 08:12 6950997                    /lib/x86_64-linux-gnu/libz.so.1.2.8
7fd4a6199000-7fd4a619a000 rw-p 00018000 08:12 6950997                    /lib/x86_64-linux-gnu/libz.so.1.2.8
7fd4a619a000-7fd4a61b3000 r-xp 00000000 08:12 6951112                    /lib/x86_64-linux-gnu/libpthread-2.19.so
7fd4a61b3000-7fd4a63b2000 ---p 00019000 08:12 6951112                    /lib/x86_64-linux-gnu/libpthread-2.19.so
7fd4a63b2000-7fd4a63b3000 r--p 00018000 08:12 6951112                    /lib/x86_64-linux-gnu/libpthread-2.19.so
7fd4a63b3000-7fd4a63b4000 rw-p 00019000 08:12 6951112                    /lib/x86_64-linux-gnu/libpthread-2.19.so
7fd4a63b4000-7fd4a63b8000 rw-p 00000000 00:00 0 
7fd4a63b8000-7fd4a63bb000 r-xp 00000000 08:12 6947823                    /lib/x86_64-linux-gnu/libdl-2.19.so
7fd4a63bb000-7fd4a65ba000 ---p 00003000 08:12 6947823                    /lib/x86_64-linux-gnu/libdl-2.19.so
7fd4a65ba000-7fd4a65bb000 r--p 00002000 08:12 6947823                    /lib/x86_64-linux-gnu/libdl-2.19.so
7fd4a65bb000-7fd4a65bc000 rw-p 00003000 08:12 6947823                    /lib/x86_64-linux-gnu/libdl-2.19.so
7fd4a65bc000-7fd4a6777000 r-xp 00000000 08:12 6951111                    /lib/x86_64-linux-gnu/libc-2.19.so
7fd4a6777000-7fd4a6976000 ---p 001bb000 08:12 6951111                    /lib/x86_64-linux-gnu/libc-2.19.so
7fd4a6976000-7fd4a697a000 r--p 001ba000 08:12 6951111                    /lib/x86_64-linux-gnu/libc-2.19.so
7fd4a697a000-7fd4a697c000 rw-p 001be000 08:12 6951111                    /lib/x86_64-linux-gnu/libc-2.19.so
7fd4a697c000-7fd4a6981000 rw-p 00000000 00:00 0 
7fd4a6981000-7fd4a698e000 r-xp 00000000 08:12 2368886                    /usr/lib/jvm/java-7-openjdk-amd64/jre/lib/amd64/jli/libjli.so
7fd4a698e000-7fd4a6b8d000 ---p 0000d000 08:12 2368886                    /usr/lib/jvm/java-7-openjdk-amd64/jre/lib/amd64/jli/libjli.so
7fd4a6b8d000-7fd4a6b8e000 r--p 0000c000 08:12 2368886                    /usr/lib/jvm/java-7-openjdk-amd64/jre/lib/amd64/jli/libjli.so
7fd4a6b8e000-7fd4a6b8f000 rw-p 0000d000 08:12 2368886                    /usr/lib/jvm/java-7-openjdk-amd64/jre/lib/amd64/jli/libjli.so
7fd4a6b8f000-7fd4a6bb2000 r-xp 00000000 08:12 6951108                    /lib/x86_64-linux-gnu/ld-2.19.so
7fd4a6bca000-7fd4a6bcb000 rw-p 00000000 00:00 0 
7fd4a6bcb000-7fd4a6bce000 r--s 0000f000 08:12 2367468                    /usr/lib/jvm/java-7-openjdk-amd64/jre/lib/ext/icedtea-sound.jar
7fd4a6bce000-7fd4a6bd8000 rw-p 00000000 00:00 0 
7fd4a6bd8000-7fd4a6c8e000 rw-p 00000000 00:00 0 
7fd4a6c8e000-7fd4a6c91000 ---p 00000000 00:00 0 
7fd4a6c91000-7fd4a6d94000 rw-p 00000000 00:00 0                          [stack:19576]
7fd4a6d94000-7fd4a6d98000 r--s 0003c000 08:12 2367467                    /usr/lib/jvm/java-7-openjdk-amd64/jre/lib/ext/sunpkcs11.jar
7fd4a6d98000-7fd4a6d9c000 r--s 00085000 08:12 2367461                    /usr/lib/jvm/java-7-openjdk-amd64/jre/lib/ext/localedata.jar
7fd4a6d9c000-7fd4a6d9d000 r--s 00002000 08:12 2367465                    /usr/lib/jvm/java-7-openjdk-amd64/jre/lib/ext/dnsns.jar
7fd4a6d9d000-7fd4a6d9f000 r--s 00006000 08:12 2759379                    /usr/share/java/java-atk-wrapper.jar
7fd4a6d9f000-7fd4a6da3000 r--s 00034000 08:12 2367466                    /usr/lib/jvm/java-7-openjdk-amd64/jre/lib/ext/sunjce_provider.jar
7fd4a6da3000-7fd4a6da5000 r--s 00012000 08:12 2367469                    /usr/lib/jvm/java-7-openjdk-amd64/jre/lib/ext/zipfs.jar
7fd4a6da5000-7fd4a6dad000 rw-s 00000000 08:12 3683150                    /tmp/hsperfdata_adam/19575
7fd4a6dad000-7fd4a6dae000 rw-p 00000000 00:00 0 
7fd4a6dae000-7fd4a6daf000 ---p 00000000 00:00 0 
7fd4a6daf000-7fd4a6db1000 rw-p 00000000 00:00 0 
7fd4a6db1000-7fd4a6db2000 r--p 00022000 08:12 6951108                    /lib/x86_64-linux-gnu/ld-2.19.so
7fd4a6db2000-7fd4a6db3000 rw-p 00023000 08:12 6951108                    /lib/x86_64-linux-gnu/ld-2.19.so
7fd4a6db3000-7fd4a6db4000 rw-p 00000000 00:00 0 
7ffff233e000-7ffff235f000 rw-p 00000000 00:00 0                          [stack]
7ffff23c0000-7ffff23c2000 r-xp 00000000 00:00 0                          [vdso]
ffffffffff600000-ffffffffff601000 r-xp 00000000 00:00 0                  [vsyscall]

VM Arguments:
java_command: /data/proteomics/SearchGUI/./resources/MS-GF+/MSGFPlus.jar -s /data/proteomics/mousliver/qe09282012_41gel3_121001173313.mgf -d /data/proteomics/mousliver/uniprot-proteome3AUP000000589_concatenated_target_decoy.fasta -o /data/proteomics/jobs/J4Bt31at62k5/.SearchGUI_temp/qe09282012_41gel3_121001173313.msgf.mzid -t 10.0ppm -tda 0 -mod /data/proteomics/SearchGUI/./resources/MS-GF+/Mods.txt -minCharge 2 -maxCharge 4 -inst 3 -thread 4 -m 3 -e 1 -protocol 0 -ntt 2 -minLength 6 -maxLength 30 -n 10 -addFeatures 0 -ti -1,2
Launcher Type: SUN_STANDARD

Environment Variables:
PATH=/virtualenvs/glims/bin:/usr/local/sbin:/usr/local/bin:/usr/sbin:/usr/bin:/sbin:/bin:/usr/games:/usr/local/games
SHELL=
DISPLAY=:0

Signal Handlers:
SIGSEGV: [libjvm.so+0x94bab0], sa_mask[0]=0x7ffbfeff, sa_flags=0x10000004
SIGBUS: [libjvm.so+0x94bab0], sa_mask[0]=0x7ffbfeff, sa_flags=0x10000004
SIGFPE: [libjvm.so+0x7c38b0], sa_mask[0]=0x7ffbfeff, sa_flags=0x10000004
SIGPIPE: [libjvm.so+0x7c38b0], sa_mask[0]=0x7ffbfeff, sa_flags=0x10000004
SIGXFSZ: [libjvm.so+0x7c38b0], sa_mask[0]=0x7ffbfeff, sa_flags=0x10000004
SIGILL: [libjvm.so+0x7c38b0], sa_mask[0]=0x7ffbfeff, sa_flags=0x10000004
SIGUSR1: SIG_DFL, sa_mask[0]=0x00000000, sa_flags=0x00000000
SIGUSR2: [libjvm.so+0x7c3750], sa_mask[0]=0x00000004, sa_flags=0x10000004
SIGHUP: [libjvm.so+0x7c3930], sa_mask[0]=0x7ffbfeff, sa_flags=0x10000004
SIGINT: [libjvm.so+0x7c3930], sa_mask[0]=0x7ffbfeff, sa_flags=0x10000004
SIGTERM: [libjvm.so+0x7c3930], sa_mask[0]=0x7ffbfeff, sa_flags=0x10000004
SIGQUIT: [libjvm.so+0x7c3930], sa_mask[0]=0x7ffbfeff, sa_flags=0x10000004
SIGTRAP: SIG_DFL, sa_mask[0]=0x00000000, sa_flags=0x00000000


---------------  S Y S T E M  ---------------

OS:Ubuntu 14.04 (trusty)
uname:Linux 3.13.0-66-generic #108-Ubuntu SMP Wed Oct 7 15:20:27 UTC 2015 x86_64
libc:glibc 2.19 NPTL 2.19 
rlimit: STACK 8192k, CORE 0k, NPROC 127652, NOFILE 4096, AS infinity
load average:21.66 24.80 22.21

/proc/meminfo:
MemTotal:       16361136 kB
MemFree:          150424 kB
Buffers:             384 kB
Cached:           747744 kB
SwapCached:        20984 kB
Active:         14188708 kB
Inactive:        1714248 kB
Active(anon):   14187892 kB
Inactive(anon):  1710136 kB
Active(file):        816 kB
Inactive(file):     4112 kB
Unevictable:          48 kB
Mlocked:              48 kB
SwapTotal:       1998844 kB
SwapFree:              0 kB
Dirty:                 8 kB
Writeback:             0 kB
AnonPages:      15136404 kB
Mapped:           117460 kB
Shmem:            742452 kB
Slab:              77164 kB
SReclaimable:      32540 kB
SUnreclaim:        44624 kB
KernelStack:        8648 kB
PageTables:        86040 kB
NFS_Unstable:          0 kB
Bounce:                0 kB
WritebackTmp:          0 kB
CommitLimit:    10179412 kB
Committed_AS:   28790516 kB
VmallocTotal:   34359738367 kB
VmallocUsed:      375132 kB
VmallocChunk:   34359355296 kB
HardwareCorrupted:     0 kB
AnonHugePages:   8230912 kB
HugePages_Total:       0
HugePages_Free:        0
HugePages_Rsvd:        0
HugePages_Surp:        0
Hugepagesize:       2048 kB
DirectMap4k:       74228 kB
DirectMap2M:     1949696 kB
DirectMap1G:    14680064 kB


CPU:total 4 (2 cores per cpu, 2 threads per core) family 6 model 69 stepping 1, cmov, cx8, fxsr, mmx, sse, sse2, sse3, ssse3, sse4.1, sse4.2, popcnt, avx, avx2, aes, erms, ht, tsc, tscinvbit

/proc/cpuinfo:
processor	: 0
vendor_id	: GenuineIntel
cpu family	: 6
model		: 69
model name	: Intel(R) Core(TM) i5-4250U CPU @ 1.30GHz
stepping	: 1
microcode	: 0x16
cpu MHz		: 1300.000
cache size	: 3072 KB
physical id	: 0
siblings	: 4
core id		: 0
cpu cores	: 2
apicid		: 0
initial apicid	: 0
fpu		: yes
fpu_exception	: yes
cpuid level	: 13
wp		: yes
flags		: fpu vme de pse tsc msr pae mce cx8 apic sep mtrr pge mca cmov pat pse36 clflush dts acpi mmx fxsr sse sse2 ss ht tm pbe syscall nx pdpe1gb rdtscp lm constant_tsc arch_perfmon pebs bts rep_good nopl xtopology nonstop_tsc aperfmperf eagerfpu pni pclmulqdq dtes64 monitor ds_cpl vmx est tm2 ssse3 fma cx16 xtpr pdcm pcid sse4_1 sse4_2 x2apic movbe popcnt tsc_deadline_timer aes xsave avx f16c rdrand lahf_lm abm ida arat epb xsaveopt pln pts dtherm tpr_shadow vnmi flexpriority ept vpid fsgsbase tsc_adjust bmi1 avx2 smep bmi2 erms invpcid
bogomips	: 3791.07
clflush size	: 64
cache_alignment	: 64
address sizes	: 39 bits physical, 48 bits virtual
power management:

processor	: 1
vendor_id	: GenuineIntel
cpu family	: 6
model		: 69
model name	: Intel(R) Core(TM) i5-4250U CPU @ 1.30GHz
stepping	: 1
microcode	: 0x16
cpu MHz		: 1300.000
cache size	: 3072 KB
physical id	: 0
siblings	: 4
core id		: 1
cpu cores	: 2
apicid		: 2
initial apicid	: 2
fpu		: yes
fpu_exception	: yes
cpuid level	: 13
wp		: yes
flags		: fpu vme de pse tsc msr pae mce cx8 apic sep mtrr pge mca cmov pat pse36 clflush dts acpi mmx fxsr sse sse2 ss ht tm pbe syscall nx pdpe1gb rdtscp lm constant_tsc arch_perfmon pebs bts rep_good nopl xtopology nonstop_tsc aperfmperf eagerfpu pni pclmulqdq dtes64 monitor ds_cpl vmx est tm2 ssse3 fma cx16 xtpr pdcm pcid sse4_1 sse4_2 x2apic movbe popcnt tsc_deadline_timer aes xsave avx f16c rdrand lahf_lm abm ida arat epb xsaveopt pln pts dtherm tpr_shadow vnmi flexpriority ept vpid fsgsbase tsc_adjust bmi1 avx2 smep bmi2 erms invpcid
bogomips	: 3791.07
clflush size	: 64
cache_alignment	: 64
address sizes	: 39 bits physical, 48 bits virtual
power management:

processor	: 2
vendor_id	: GenuineIntel
cpu family	: 6
model		: 69
model name	: Intel(R) Core(TM) i5-4250U CPU @ 1.30GHz
stepping	: 1
microcode	: 0x16
cpu MHz		: 1300.000
cache size	: 3072 KB
physical id	: 0
siblings	: 4
core id		: 0
cpu cores	: 2
apicid		: 1
initial apicid	: 1
fpu		: yes
fpu_exception	: yes
cpuid level	: 13
wp		: yes
flags		: fpu vme de pse tsc msr pae mce cx8 apic sep mtrr pge mca cmov pat pse36 clflush dts acpi mmx fxsr sse sse2 ss ht tm pbe syscall nx pdpe1gb rdtscp lm constant_tsc arch_perfmon pebs bts rep_good nopl xtopology nonstop_tsc aperfmperf eagerfpu pni pclmulqdq dtes64 monitor ds_cpl vmx est tm2 ssse3 fma cx16 xtpr pdcm pcid sse4_1 sse4_2 x2apic movbe popcnt tsc_deadline_timer aes xsave avx f16c rdrand lahf_lm abm ida arat epb xsaveopt pln pts dtherm tpr_shadow vnmi flexpriority ept vpid fsgsbase tsc_adjust bmi1 avx2 smep bmi2 erms invpcid
bogomips	: 3791.07
clflush size	: 64
cache_alignment	: 64
address sizes	: 39 bits physical, 48 bits virtual
power management:

processor	: 3
vendor_id	: GenuineIntel
cpu family	: 6
model		: 69
model name	: Intel(R) Core(TM) i5-4250U CPU @ 1.30GHz
stepping	: 1
microcode	: 0x16
cpu MHz		: 1300.000
cache size	: 3072 KB
physical id	: 0
siblings	: 4
core id		: 1
cpu cores	: 2
apicid		: 3
initial apicid	: 3
fpu		: yes
fpu_exception	: yes
cpuid level	: 13
wp		: yes
flags		: fpu vme de pse tsc msr pae mce cx8 apic sep mtrr pge mca cmov pat pse36 clflush dts acpi mmx fxsr sse sse2 ss ht tm pbe syscall nx pdpe1gb rdtscp lm constant_tsc arch_perfmon pebs bts rep_good nopl xtopology nonstop_tsc aperfmperf eagerfpu pni pclmulqdq dtes64 monitor ds_cpl vmx est tm2 ssse3 fma cx16 xtpr pdcm pcid sse4_1 sse4_2 x2apic movbe popcnt tsc_deadline_timer aes xsave avx f16c rdrand lahf_lm abm ida arat epb xsaveopt pln pts dtherm tpr_shadow vnmi flexpriority ept vpid fsgsbase tsc_adjust bmi1 avx2 smep bmi2 erms invpcid
bogomips	: 3791.07
clflush size	: 64
cache_alignment	: 64
address sizes	: 39 bits physical, 48 bits virtual
power management:



Memory: 4k page, physical 16361136k(149184k free), swap 1998844k(0k free)

vm_info: OpenJDK 64-Bit Server VM (24.79-b02) for linux-amd64 JRE (1.7.0_79-b14), built on Jul 24 2015 08:15:54 by "buildd" with gcc 4.8.2

time: Tue Oct 20 23:18:09 2015
elapsed time: 486 seconds

